<?xml version="1.0" encoding="UTF-8"?>
<testng-results ignored="0" total="1" passed="1" failed="0" skipped="0">
  <reporter-output>
  </reporter-output>
  <suite started-at="2022-01-21T07:37:42 IST" name="Default suite" finished-at="2022-01-21T07:39:32 IST" duration-ms="109905">
    <groups>
    </groups>
    <test started-at="2022-01-21T07:37:42 IST" name="Default test" finished-at="2022-01-21T07:39:32 IST" duration-ms="109905">
      <class name="orangehrm.testcases.TC1_ValidateLogin">
        <test-method is-config="true" signature="presetup()[pri:0, instance:orangehrm.testcases.TC1_ValidateLogin@18df8434]" started-at="2022-01-21T07:37:42 IST" name="presetup" finished-at="2022-01-21T07:37:42 IST" duration-ms="45" status="PASS">
          <reporter-output>
          </reporter-output>
        </test-method> <!-- presetup -->
        <test-method signature="longintest()[pri:0, instance:orangehrm.testcases.TC1_ValidateLogin@18df8434]" started-at="2022-01-21T07:37:42 IST" name="longintest" finished-at="2022-01-21T07:39:32 IST" duration-ms="109699" status="PASS">
          <reporter-output>
          </reporter-output>
        </test-method> <!-- longintest -->
      </class> <!-- orangehrm.testcases.TC1_ValidateLogin -->
    </test> <!-- Default test -->
  </suite> <!-- Default suite -->
</testng-results>
